Buildfile: file:///D:/work/git/ReSharper.NTriples/default.build
Target framework: Microsoft .NET Framework 4.0
Target(s) specified: build 


prepare-sdk:


build:

     [echo] Building version 1.0.0.0
     [echo] Building platform x86

set-version:

[update-assembly-info] AssemblyInfo file 'D:\work\git\ReSharper.NTriples\src\ReSharper.NTriples\ReSharper.NTriples\Properties\AssemblyInfo.cs' updated.
     [copy] Copying 1 file to 'D:\work\git\ReSharper.NTriples\src\ReSharper.NTriples\ReSharper.NTriples.Installer\Variables.wxi'.
  [msbuild] Generated 0 files
  [msbuild] Skipped generation of 140 files
  [msbuild] Deleted 0 obsolete files
  [msbuild] D:\work\git\ReSharper.NTriples\SDK\Tools\PsiGen\PsiGen.Targets : warning : D:\work\git\ReSharper.NTriples\src\ReSharper.NTriples\ReSharper.NTriples\Parsing\ntriples.psi(%1$d,0): warning : Generation of setters for complex alternatives is not fully supported yet [D:\work\git\ReSharper.NTriples\src\ReSharper.NTriples\ReSharper.NTriples\ReSharper.NTriples.csproj]
  [msbuild] D:\work\git\ReSharper.NTriples\SDK\Tools\PsiGen\PsiGen.Targets : warning : 1 warning(s) [D:\work\git\ReSharper.NTriples\src\ReSharper.NTriples\ReSharper.NTriples\ReSharper.NTriples.csproj]
  [msbuild]   @(PsiLanguageNames -> 'D:\work\git\ReSharper.NTriples\src\ReSharper.NTriples\ReSharper.NTriples\Parsing\ntriples.psi --(*)--> D:\work\git\ReSharper.NTriples\src\ReSharper.NTriples\ReSharper.NTriples\Gen/Parsing\ntriples.psi', '\n'
  [msbuild]   ReSharper.NTriples -> D:\work\git\ReSharper.NTriples\src\ReSharper.NTriples\ReSharper.NTriples\bin\x86\Release\ReSharper.NTriples.dll
  [msbuild]   ReSharper.NTriples.Tests -> D:\work\git\ReSharper.NTriples\src\ReSharper.NTriples\ReSharper.NTriples.Tests\bin\x86\Release\ReSharper.NTriples.Tests.dll
  [msbuild] D:\work\git\ReSharper.NTriples\src\ReSharper.NTriples\ReSharper.NTriples.Installer\Product.wxs(57): warning LGHT1076: ICE91: The file 'ReSharper.NTriples.dll' will be installed to the per user directory 'R.Plugins.NTriples' that doesn't vary based on ALLUSERS value. This file won't be copied to each user's profile even if a per machine installation is desired. [D:\work\git\ReSharper.NTriples\src\ReSharper.NTriples\ReSharper.NTriples.Installer\ReSharper.NTriples.Installer.wixproj]
  [msbuild] Generated 0 files
  [msbuild] Skipped generation of 140 files
  [msbuild] Deleted 0 obsolete files
  [msbuild] D:\work\git\ReSharper.NTriples\SDK\Tools\PsiGen\PsiGen.Targets : warning : D:\work\git\ReSharper.NTriples\src\ReSharper.NTriples\ReSharper.NTriples\Parsing\ntriples.psi(%1$d,0): warning : Generation of setters for complex alternatives is not fully supported yet [D:\work\git\ReSharper.NTriples\src\ReSharper.NTriples\ReSharper.NTriples\ReSharper.NTriples.csproj]
  [msbuild] D:\work\git\ReSharper.NTriples\SDK\Tools\PsiGen\PsiGen.Targets : warning : 1 warning(s) [D:\work\git\ReSharper.NTriples\src\ReSharper.NTriples\ReSharper.NTriples\ReSharper.NTriples.csproj]
  [msbuild]   @(PsiLanguageNames -> 'D:\work\git\ReSharper.NTriples\src\ReSharper.NTriples\ReSharper.NTriples\Parsing\ntriples.psi --(*)--> D:\work\git\ReSharper.NTriples\src\ReSharper.NTriples\ReSharper.NTriples\Gen/Parsing\ntriples.psi', '\n'
  [msbuild]   ReSharper.NTriples -> D:\work\git\ReSharper.NTriples\src\ReSharper.NTriples\ReSharper.NTriples\bin\x86\Release UnitTests\ReSharper.NTriples.dll
  [msbuild]   ReSharper.NTriples.Tests -> D:\work\git\ReSharper.NTriples\src\ReSharper.NTriples\ReSharper.NTriples.Tests\bin\x86\Release\ReSharper.NTriples.Tests.dll
     [copy] Copying 2 files to 'D:\work\git\ReSharper.NTriples\build'.
     [copy] Copying 2 files to 'D:\work\git\ReSharper.NTriples\build'.
     [copy] Copying 2 files to 'D:\work\git\ReSharper.NTriples\build'.

BUILD SUCCEEDED

Total time: 23.7 seconds.

