Wed Apr 10 02:02:09 GMT+04:00 2013  [debug] AvalonLogSystem initialized using logfile 'velocity.log'
Wed Apr 10 02:02:09 GMT+04:00 2013   [info] ************************************************************** 
Wed Apr 10 02:02:09 GMT+04:00 2013   [info] Starting Jakarta Velocity v1.3.1-rc1
Wed Apr 10 02:02:09 GMT+04:00 2013   [info] RuntimeInstance initializing.
Wed Apr 10 02:02:09 GMT+04:00 2013   [info] Default Properties File: org\apache\velocity\runtime\defaults\velocity.properties
Wed Apr 10 02:02:09 GMT+04:00 2013   [info] Trying to use logger class org.apache.velocity.runtime.log.AvalonLogSystem
Wed Apr 10 02:02:09 GMT+04:00 2013   [info] Using logger class org.apache.velocity.runtime.log.AvalonLogSystem
Wed Apr 10 02:02:09 GMT+04:00 2013   [info] Default ResourceManager initializing. (class org.apache.velocity.runtime.resource.ResourceManagerImpl)
Wed Apr 10 02:02:09 GMT+04:00 2013   [info] Resource Loader Instantiated: org.apache.velocity.runtime.resource.loader.JarResourceLoader
Wed Apr 10 02:02:09 GMT+04:00 2013   [info] JarResourceLoader : initialization starting.
Wed Apr 10 02:02:09 GMT+04:00 2013   [info] JarResourceLoader # of paths : 1
Wed Apr 10 02:02:09 GMT+04:00 2013   [info] JarResourceLoader : trying to load: jar:file:/C:/Program Files (x86)/JetBrains/ReSharper/v7.1/SDK/Tools/parserGen/parserGen.jar
Wed Apr 10 02:02:09 GMT+04:00 2013   [info]   JarHolder : attempting to connect to jar:file:/C:/Program Files (x86)/JetBrains/ReSharper/v7.1/SDK/Tools/parserGen/parserGen.jar!/
Wed Apr 10 02:02:09 GMT+04:00 2013   [info]   JarHolder : initialized JAR: jar:file:/C:/Program Files (x86)/JetBrains/ReSharper/v7.1/SDK/Tools/parserGen/parserGen.jar!/
Wed Apr 10 02:02:09 GMT+04:00 2013   [info] JarResourceLoader : initialization complete.
Wed Apr 10 02:02:09 GMT+04:00 2013   [info] ResourceCache : initialized. (class org.apache.velocity.runtime.resource.ResourceCacheImpl)
Wed Apr 10 02:02:09 GMT+04:00 2013   [info] Default ResourceManager initialization complete.
Wed Apr 10 02:02:09 GMT+04:00 2013   [info] Loaded System Directive: org.apache.velocity.runtime.directive.Parse
Wed Apr 10 02:02:09 GMT+04:00 2013   [info] Loaded System Directive: org.apache.velocity.runtime.directive.Macro
Wed Apr 10 02:02:09 GMT+04:00 2013   [info] Loaded System Directive: org.apache.velocity.runtime.directive.Literal
Wed Apr 10 02:02:09 GMT+04:00 2013   [info] Loaded System Directive: org.apache.velocity.runtime.directive.Foreach
Wed Apr 10 02:02:09 GMT+04:00 2013   [info] Loaded System Directive: org.apache.velocity.runtime.directive.Include
Wed Apr 10 02:02:09 GMT+04:00 2013   [info] Created: 20 parsers.
Wed Apr 10 02:02:09 GMT+04:00 2013   [info] Velocimacro : initialization starting.
Wed Apr 10 02:02:09 GMT+04:00 2013   [info] Velocimacro : adding VMs from VM library template : VM_global_library.vm
Wed Apr 10 02:02:09 GMT+04:00 2013  [error] ResourceManager : unable to find resource 'VM_global_library.vm' in any resource loader.
Wed Apr 10 02:02:09 GMT+04:00 2013   [info] Velocimacro : error using  VM library template VM_global_library.vm : org.apache.velocity.exception.ResourceNotFoundException: Unable to find resource 'VM_global_library.vm'
Wed Apr 10 02:02:09 GMT+04:00 2013   [info] Velocimacro :  VM library template macro registration complete.
Wed Apr 10 02:02:09 GMT+04:00 2013   [info] Velocimacro : allowInline = true : VMs can be defined inline in templates
Wed Apr 10 02:02:09 GMT+04:00 2013   [info] Velocimacro : allowInlineToOverride = false : VMs defined inline may NOT replace previous VM definitions
Wed Apr 10 02:02:09 GMT+04:00 2013   [info] Velocimacro : allowInlineLocal = false : VMs defined inline will be  global in scope if allowed.
Wed Apr 10 02:02:09 GMT+04:00 2013   [info] Velocimacro : messages on  : VM system will output logging messages
Wed Apr 10 02:02:09 GMT+04:00 2013   [info] Velocimacro : autoload off  : VM system will not automatically reload global library macros
Wed Apr 10 02:02:09 GMT+04:00 2013   [info] Velocimacro : initialization complete.
Wed Apr 10 02:02:09 GMT+04:00 2013   [info] Velocity successfully started.
Wed Apr 10 02:02:09 GMT+04:00 2013   [info] ResourceManager : found parserGenTemplates/CSharp/Nonterminal.ParserFunctionHeader.cs.template with loader org.apache.velocity.runtime.resource.loader.JarResourceLoader
Wed Apr 10 02:02:09 GMT+04:00 2013   [info] ResourceManager : found parserGenTemplates/CSharp/Nonterminal.ElementCreation.cs.template with loader org.apache.velocity.runtime.resource.loader.JarResourceLoader
Wed Apr 10 02:02:09 GMT+04:00 2013   [info] ResourceManager : found parserGenTemplates/CSharp/Rule.TreeAdd.cs.template with loader org.apache.velocity.runtime.resource.loader.JarResourceLoader
Wed Apr 10 02:02:09 GMT+04:00 2013   [info] ResourceManager : found parserGenTemplates/CSharp/NonterminalRule.Parser.cs.template with loader org.apache.velocity.runtime.resource.loader.JarResourceLoader
Wed Apr 10 02:02:09 GMT+04:00 2013   [info] ResourceManager : found parserGenTemplates/CSharp/Nonterminal.ParserBody.cs.template with loader org.apache.velocity.runtime.resource.loader.JarResourceLoader
Wed Apr 10 02:02:09 GMT+04:00 2013   [info] ResourceManager : found parserGenTemplates/CSharp/GetTokenType.cs.template with loader org.apache.velocity.runtime.resource.loader.JarResourceLoader
Wed Apr 10 02:02:09 GMT+04:00 2013   [info] ResourceManager : found parserGenTemplates/CSharp/Grammar.TermSetCheck.cs.template with loader org.apache.velocity.runtime.resource.loader.JarResourceLoader
Wed Apr 10 02:02:09 GMT+04:00 2013   [info] ResourceManager : found parserGenTemplates/CSharp/Grammar.NotInFollowCheck.cs.template with loader org.apache.velocity.runtime.resource.loader.JarResourceLoader
Wed Apr 10 02:02:09 GMT+04:00 2013   [info] ResourceManager : found parserGenTemplates/CSharp/Parser.GetErrorMessage.cs.template with loader org.apache.velocity.runtime.resource.loader.JarResourceLoader
Wed Apr 10 02:02:09 GMT+04:00 2013   [info] ResourceManager : found parserGenTemplates/CSharp/Grammar.SyntaxError.cs.template with loader org.apache.velocity.runtime.resource.loader.JarResourceLoader
Wed Apr 10 02:02:09 GMT+04:00 2013   [info] ResourceManager : found parserGenTemplates/CSharp/Nonterminal.ErrorResultHanging.cs.template with loader org.apache.velocity.runtime.resource.loader.JarResourceLoader
Wed Apr 10 02:02:09 GMT+04:00 2013   [info] ResourceManager : found parserGenTemplates/CSharp/Nonterminal.ParserFunctionBody.cs.template with loader org.apache.velocity.runtime.resource.loader.JarResourceLoader
Wed Apr 10 02:02:09 GMT+04:00 2013  [error] Left side ($phantoms) of '==' operation has null value. If a reference, it may not be in the context. Operation not possible. parserGenTemplates/CSharp/Nonterminal.ParserFunctionBody.cs.template [line 26, column 18]
Wed Apr 10 02:02:09 GMT+04:00 2013   [info] ResourceManager : found parserGenTemplates/CSharp/Grammar.Skip.cs.template with loader org.apache.velocity.runtime.resource.loader.JarResourceLoader
Wed Apr 10 02:02:09 GMT+04:00 2013   [info] ResourceManager : found parserGenTemplates/CSharp/Nonterminal.ErrorHandler.cs.template with loader org.apache.velocity.runtime.resource.loader.JarResourceLoader
Wed Apr 10 02:02:09 GMT+04:00 2013   [info] ResourceManager : found parserGenTemplates/CSharp/Terminal.ErrorMessageText.cs.template with loader org.apache.velocity.runtime.resource.loader.JarResourceLoader
Wed Apr 10 02:02:09 GMT+04:00 2013   [info] ResourceManager : found parserGenTemplates/CSharp/Grammar.Match.cs.template with loader org.apache.velocity.runtime.resource.loader.JarResourceLoader
Wed Apr 10 02:02:09 GMT+04:00 2013   [info] ResourceManager : found parserGenTemplates/CSharp/Grammar.TokenBitset.cs.template with loader org.apache.velocity.runtime.resource.loader.JarResourceLoader
Wed Apr 10 02:02:09 GMT+04:00 2013   [info] ResourceManager : found parserGenTemplates/CSharp/Grammar.BitsetTermSetCheck.cs.template with loader org.apache.velocity.runtime.resource.loader.JarResourceLoader
Wed Apr 10 02:02:09 GMT+04:00 2013   [info] ResourceManager : found parserGenTemplates/CSharp/Nonterminal.ErrorMessageText.cs.template with loader org.apache.velocity.runtime.resource.loader.JarResourceLoader
Wed Apr 10 02:02:09 GMT+04:00 2013  [error] Left side ($phantoms) of '==' operation has null value. If a reference, it may not be in the context. Operation not possible. parserGenTemplates/CSharp/Nonterminal.ParserFunctionBody.cs.template [line 26, column 18]
Wed Apr 10 02:02:09 GMT+04:00 2013  [error] Left side ($phantoms) of '==' operation has null value. If a reference, it may not be in the context. Operation not possible. parserGenTemplates/CSharp/Nonterminal.ParserFunctionBody.cs.template [line 26, column 18]
Wed Apr 10 02:02:09 GMT+04:00 2013  [error] Left side ($phantoms) of '==' operation has null value. If a reference, it may not be in the context. Operation not possible. parserGenTemplates/CSharp/Nonterminal.ParserFunctionBody.cs.template [line 26, column 18]
Wed Apr 10 02:02:09 GMT+04:00 2013  [error] Left side ($phantoms) of '==' operation has null value. If a reference, it may not be in the context. Operation not possible. parserGenTemplates/CSharp/Nonterminal.ParserFunctionBody.cs.template [line 26, column 18]
Wed Apr 10 02:02:09 GMT+04:00 2013  [error] Left side ($phantoms) of '==' operation has null value. If a reference, it may not be in the context. Operation not possible. parserGenTemplates/CSharp/Nonterminal.ParserFunctionBody.cs.template [line 26, column 18]
Wed Apr 10 02:02:09 GMT+04:00 2013  [error] Left side ($phantoms) of '==' operation has null value. If a reference, it may not be in the context. Operation not possible. parserGenTemplates/CSharp/Nonterminal.ParserFunctionBody.cs.template [line 26, column 18]
Wed Apr 10 02:02:09 GMT+04:00 2013  [error] Left side ($phantoms) of '==' operation has null value. If a reference, it may not be in the context. Operation not possible. parserGenTemplates/CSharp/Nonterminal.ParserFunctionBody.cs.template [line 26, column 18]
Wed Apr 10 02:02:09 GMT+04:00 2013  [error] Left side ($phantoms) of '==' operation has null value. If a reference, it may not be in the context. Operation not possible. parserGenTemplates/CSharp/Nonterminal.ParserFunctionBody.cs.template [line 26, column 18]
Wed Apr 10 02:02:09 GMT+04:00 2013  [error] Left side ($phantoms) of '==' operation has null value. If a reference, it may not be in the context. Operation not possible. parserGenTemplates/CSharp/Nonterminal.ParserFunctionBody.cs.template [line 26, column 18]
Wed Apr 10 02:02:09 GMT+04:00 2013  [error] Left side ($phantoms) of '==' operation has null value. If a reference, it may not be in the context. Operation not possible. parserGenTemplates/CSharp/Nonterminal.ParserFunctionBody.cs.template [line 26, column 18]
Wed Apr 10 02:02:09 GMT+04:00 2013  [error] Left side ($phantoms) of '==' operation has null value. If a reference, it may not be in the context. Operation not possible. parserGenTemplates/CSharp/Nonterminal.ParserFunctionBody.cs.template [line 26, column 18]
Wed Apr 10 02:02:09 GMT+04:00 2013  [error] Left side ($phantoms) of '==' operation has null value. If a reference, it may not be in the context. Operation not possible. parserGenTemplates/CSharp/Nonterminal.ParserFunctionBody.cs.template [line 26, column 18]
Wed Apr 10 02:02:09 GMT+04:00 2013  [error] Left side ($phantoms) of '==' operation has null value. If a reference, it may not be in the context. Operation not possible. parserGenTemplates/CSharp/Nonterminal.ParserFunctionBody.cs.template [line 26, column 18]
Wed Apr 10 02:02:09 GMT+04:00 2013  [error] Left side ($phantoms) of '==' operation has null value. If a reference, it may not be in the context. Operation not possible. parserGenTemplates/CSharp/Nonterminal.ParserFunctionBody.cs.template [line 26, column 18]
Wed Apr 10 02:02:09 GMT+04:00 2013  [error] Left side ($phantoms) of '==' operation has null value. If a reference, it may not be in the context. Operation not possible. parserGenTemplates/CSharp/Nonterminal.ParserFunctionBody.cs.template [line 26, column 18]
Wed Apr 10 02:02:09 GMT+04:00 2013  [error] Left side ($phantoms) of '==' operation has null value. If a reference, it may not be in the context. Operation not possible. parserGenTemplates/CSharp/Nonterminal.ParserFunctionBody.cs.template [line 26, column 18]
Wed Apr 10 02:02:09 GMT+04:00 2013  [error] Left side ($phantoms) of '==' operation has null value. If a reference, it may not be in the context. Operation not possible. parserGenTemplates/CSharp/Nonterminal.ParserFunctionBody.cs.template [line 26, column 18]
Wed Apr 10 02:02:09 GMT+04:00 2013  [error] Left side ($phantoms) of '==' operation has null value. If a reference, it may not be in the context. Operation not possible. parserGenTemplates/CSharp/Nonterminal.ParserFunctionBody.cs.template [line 26, column 18]
Wed Apr 10 02:02:09 GMT+04:00 2013  [error] Left side ($phantoms) of '==' operation has null value. If a reference, it may not be in the context. Operation not possible. parserGenTemplates/CSharp/Nonterminal.ParserFunctionBody.cs.template [line 26, column 18]
Wed Apr 10 02:02:09 GMT+04:00 2013  [error] Left side ($phantoms) of '==' operation has null value. If a reference, it may not be in the context. Operation not possible. parserGenTemplates/CSharp/Nonterminal.ParserFunctionBody.cs.template [line 26, column 18]
Wed Apr 10 02:02:09 GMT+04:00 2013  [error] Left side ($phantoms) of '==' operation has null value. If a reference, it may not be in the context. Operation not possible. parserGenTemplates/CSharp/Nonterminal.ParserFunctionBody.cs.template [line 26, column 18]
Wed Apr 10 02:02:09 GMT+04:00 2013  [error] Left side ($phantoms) of '==' operation has null value. If a reference, it may not be in the context. Operation not possible. parserGenTemplates/CSharp/Nonterminal.ParserFunctionBody.cs.template [line 26, column 18]
Wed Apr 10 02:02:09 GMT+04:00 2013  [error] Left side ($phantoms) of '==' operation has null value. If a reference, it may not be in the context. Operation not possible. parserGenTemplates/CSharp/Nonterminal.ParserFunctionBody.cs.template [line 26, column 18]
Wed Apr 10 02:02:09 GMT+04:00 2013  [error] Left side ($phantoms) of '==' operation has null value. If a reference, it may not be in the context. Operation not possible. parserGenTemplates/CSharp/Nonterminal.ParserFunctionBody.cs.template [line 26, column 18]
Wed Apr 10 02:02:09 GMT+04:00 2013  [error] Left side ($phantoms) of '==' operation has null value. If a reference, it may not be in the context. Operation not possible. parserGenTemplates/CSharp/Nonterminal.ParserFunctionBody.cs.template [line 26, column 18]
Wed Apr 10 02:02:09 GMT+04:00 2013  [error] Left side ($phantoms) of '==' operation has null value. If a reference, it may not be in the context. Operation not possible. parserGenTemplates/CSharp/Nonterminal.ParserFunctionBody.cs.template [line 26, column 18]
Wed Apr 10 02:02:09 GMT+04:00 2013  [error] Left side ($phantoms) of '==' operation has null value. If a reference, it may not be in the context. Operation not possible. parserGenTemplates/CSharp/Nonterminal.ParserFunctionBody.cs.template [line 26, column 18]
Wed Apr 10 02:02:09 GMT+04:00 2013  [error] Left side ($phantoms) of '==' operation has null value. If a reference, it may not be in the context. Operation not possible. parserGenTemplates/CSharp/Nonterminal.ParserFunctionBody.cs.template [line 26, column 18]
Wed Apr 10 02:02:09 GMT+04:00 2013  [error] Left side ($phantoms) of '==' operation has null value. If a reference, it may not be in the context. Operation not possible. parserGenTemplates/CSharp/Nonterminal.ParserFunctionBody.cs.template [line 26, column 18]
Wed Apr 10 02:02:09 GMT+04:00 2013  [error] Left side ($phantoms) of '==' operation has null value. If a reference, it may not be in the context. Operation not possible. parserGenTemplates/CSharp/Nonterminal.ParserFunctionBody.cs.template [line 26, column 18]
Wed Apr 10 02:02:09 GMT+04:00 2013  [error] Left side ($phantoms) of '==' operation has null value. If a reference, it may not be in the context. Operation not possible. parserGenTemplates/CSharp/Nonterminal.ParserFunctionBody.cs.template [line 26, column 18]
Wed Apr 10 02:02:09 GMT+04:00 2013  [error] Left side ($phantoms) of '==' operation has null value. If a reference, it may not be in the context. Operation not possible. parserGenTemplates/CSharp/Nonterminal.ParserFunctionBody.cs.template [line 26, column 18]
Wed Apr 10 02:02:09 GMT+04:00 2013  [error] Left side ($phantoms) of '==' operation has null value. If a reference, it may not be in the context. Operation not possible. parserGenTemplates/CSharp/Nonterminal.ParserFunctionBody.cs.template [line 26, column 18]
Wed Apr 10 02:02:09 GMT+04:00 2013  [error] Left side ($phantoms) of '==' operation has null value. If a reference, it may not be in the context. Operation not possible. parserGenTemplates/CSharp/Nonterminal.ParserFunctionBody.cs.template [line 26, column 18]
Wed Apr 10 02:02:09 GMT+04:00 2013  [error] Left side ($phantoms) of '==' operation has null value. If a reference, it may not be in the context. Operation not possible. parserGenTemplates/CSharp/Nonterminal.ParserFunctionBody.cs.template [line 26, column 18]
Wed Apr 10 02:02:09 GMT+04:00 2013  [error] Left side ($phantoms) of '==' operation has null value. If a reference, it may not be in the context. Operation not possible. parserGenTemplates/CSharp/Nonterminal.ParserFunctionBody.cs.template [line 26, column 18]
Wed Apr 10 02:02:09 GMT+04:00 2013  [error] Left side ($phantoms) of '==' operation has null value. If a reference, it may not be in the context. Operation not possible. parserGenTemplates/CSharp/Nonterminal.ParserFunctionBody.cs.template [line 26, column 18]
Wed Apr 10 02:02:09 GMT+04:00 2013  [error] Left side ($phantoms) of '==' operation has null value. If a reference, it may not be in the context. Operation not possible. parserGenTemplates/CSharp/Nonterminal.ParserFunctionBody.cs.template [line 26, column 18]
Wed Apr 10 02:02:09 GMT+04:00 2013  [error] Left side ($phantoms) of '==' operation has null value. If a reference, it may not be in the context. Operation not possible. parserGenTemplates/CSharp/Nonterminal.ParserFunctionBody.cs.template [line 26, column 18]
Wed Apr 10 02:02:09 GMT+04:00 2013  [error] Left side ($phantoms) of '==' operation has null value. If a reference, it may not be in the context. Operation not possible. parserGenTemplates/CSharp/Nonterminal.ParserFunctionBody.cs.template [line 26, column 18]
Wed Apr 10 02:02:09 GMT+04:00 2013  [error] Left side ($phantoms) of '==' operation has null value. If a reference, it may not be in the context. Operation not possible. parserGenTemplates/CSharp/Nonterminal.ParserFunctionBody.cs.template [line 26, column 18]
Wed Apr 10 02:02:09 GMT+04:00 2013  [error] Left side ($phantoms) of '==' operation has null value. If a reference, it may not be in the context. Operation not possible. parserGenTemplates/CSharp/Nonterminal.ParserFunctionBody.cs.template [line 26, column 18]
Wed Apr 10 02:02:09 GMT+04:00 2013   [info] ResourceManager : found parserGenTemplates/CSharp/Grammar.Parser.cs.template with loader org.apache.velocity.runtime.resource.loader.JarResourceLoader
Wed Apr 10 02:02:09 GMT+04:00 2013   [info] ResourceManager : found parserGenTemplates/CSharp/PsiInterface.cs.template with loader org.apache.velocity.runtime.resource.loader.JarResourceLoader
Wed Apr 10 02:02:09 GMT+04:00 2013   [info] ResourceManager : found parserGenTemplates/CSharp/GetterPrototype.cs.template with loader org.apache.velocity.runtime.resource.loader.JarResourceLoader
Wed Apr 10 02:02:09 GMT+04:00 2013   [info] ResourceManager : found parserGenTemplates/CSharp/WriteMethodPrototype.cs.template with loader org.apache.velocity.runtime.resource.loader.JarResourceLoader
Wed Apr 10 02:02:09 GMT+04:00 2013   [info] ResourceManager : found parserGenTemplates/CSharp/Nonterminal.PsiStub.cs.template with loader org.apache.velocity.runtime.resource.loader.JarResourceLoader
Wed Apr 10 02:02:09 GMT+04:00 2013   [info] ResourceManager : found parserGenTemplates/CSharp/PsiLookaheadNullCheck.cs.template with loader org.apache.velocity.runtime.resource.loader.JarResourceLoader
Wed Apr 10 02:02:09 GMT+04:00 2013   [info] ResourceManager : found parserGenTemplates/CSharp/Rule.PsiLookahead.cs.template with loader org.apache.velocity.runtime.resource.loader.JarResourceLoader
Wed Apr 10 02:02:09 GMT+04:00 2013   [info] ResourceManager : found parserGenTemplates/CSharp/PsiAdvance.cs.template with loader org.apache.velocity.runtime.resource.loader.JarResourceLoader
Wed Apr 10 02:02:09 GMT+04:00 2013   [info] ResourceManager : found parserGenTemplates/CSharp/RoleCheck.cs.template with loader org.apache.velocity.runtime.resource.loader.JarResourceLoader
Wed Apr 10 02:02:09 GMT+04:00 2013   [info] ResourceManager : found parserGenTemplates/CSharp/OrRule.GetChildRole.cs.template with loader org.apache.velocity.runtime.resource.loader.JarResourceLoader
Wed Apr 10 02:02:09 GMT+04:00 2013   [info] ResourceManager : found parserGenTemplates/CSharp/Nonterminal.GetChildRole.cs.template with loader org.apache.velocity.runtime.resource.loader.JarResourceLoader
Wed Apr 10 02:02:09 GMT+04:00 2013   [info] ResourceManager : found parserGenTemplates/CSharp/Getter.cs.template with loader org.apache.velocity.runtime.resource.loader.JarResourceLoader
Wed Apr 10 02:02:09 GMT+04:00 2013   [info] ResourceManager : found parserGenTemplates/CSharp/SetChild.PsiLookahead.cs.template with loader org.apache.velocity.runtime.resource.loader.JarResourceLoader
Wed Apr 10 02:02:09 GMT+04:00 2013   [info] ResourceManager : found parserGenTemplates/CSharp/SetChild.PsiAdvance.cs.template with loader org.apache.velocity.runtime.resource.loader.JarResourceLoader
Wed Apr 10 02:02:09 GMT+04:00 2013   [info] ResourceManager : found parserGenTemplates/CSharp/OrRule.SetChild.cs.template with loader org.apache.velocity.runtime.resource.loader.JarResourceLoader
Wed Apr 10 02:02:09 GMT+04:00 2013   [info] ResourceManager : found parserGenTemplates/CSharp/Setter.cs.template with loader org.apache.velocity.runtime.resource.loader.JarResourceLoader
Wed Apr 10 02:02:09 GMT+04:00 2013   [info] ResourceManager : found parserGenTemplates/CSharp/TokenType.cs.template with loader org.apache.velocity.runtime.resource.loader.JarResourceLoader
Wed Apr 10 02:02:09 GMT+04:00 2013   [warn] org.apache.velocity.runtime.exception.ReferenceException: reference : template = parserGenTemplates/CSharp/TokenType.cs.template [line 19,column 36] : $lasttype is not a valid reference.
Wed Apr 10 02:02:09 GMT+04:00 2013   [info] ResourceManager : found parserGenTemplates/CSharp/ElementType.Const.cs.template with loader org.apache.velocity.runtime.resource.loader.JarResourceLoader
Wed Apr 10 02:02:09 GMT+04:00 2013   [info] ResourceManager : found parserGenTemplates/CSharp/ElementType.cs.template with loader org.apache.velocity.runtime.resource.loader.JarResourceLoader
Wed Apr 10 02:02:09 GMT+04:00 2013   [info] ResourceManager : found parserGenTemplates/CSharp/Grammar.Bitsets.cs.template with loader org.apache.velocity.runtime.resource.loader.JarResourceLoader
Wed Apr 10 02:02:09 GMT+04:00 2013   [info] ResourceManager : found parserGenTemplates/CSharp/Nonterminal.NodeVisit.cs.template with loader org.apache.velocity.runtime.resource.loader.JarResourceLoader
Wed Apr 10 02:02:09 GMT+04:00 2013   [info] ResourceManager : found parserGenTemplates/CSharp/Grammar.NodeVisitor.cs.template with loader org.apache.velocity.runtime.resource.loader.JarResourceLoader
Wed Apr 10 02:02:09 GMT+04:00 2013   [info] ResourceManager : found parserGenTemplates/CSharp/Nonterminal.ParametrizedNodeVisit.cs.template with loader org.apache.velocity.runtime.resource.loader.JarResourceLoader
Wed Apr 10 02:02:09 GMT+04:00 2013   [info] ResourceManager : found parserGenTemplates/CSharp/Grammar.ParametrizedNodeVisitor.cs.template with loader org.apache.velocity.runtime.resource.loader.JarResourceLoader
Wed Apr 10 02:02:10 GMT+04:00 2013   [info] ResourceManager : found parserGenTemplates/CSharp/Nonterminal.ParametrizedNodeVisit2.cs.template with loader org.apache.velocity.runtime.resource.loader.JarResourceLoader
Wed Apr 10 02:02:10 GMT+04:00 2013   [info] ResourceManager : found parserGenTemplates/CSharp/Grammar.ParametrizedNodeVisitor2.cs.template with loader org.apache.velocity.runtime.resource.loader.JarResourceLoader
Wed Apr 10 02:02:10 GMT+04:00 2013   [info] ResourceManager : found parserGenTemplates/CSharp/Nonterminal.Test.cs.template with loader org.apache.velocity.runtime.resource.loader.JarResourceLoader
Wed Apr 10 02:02:10 GMT+04:00 2013   [info] ResourceManager : found parserGenTemplates/CSharp/Nonterminal.Test.Getter.cs.template with loader org.apache.velocity.runtime.resource.loader.JarResourceLoader
Wed Apr 10 02:02:10 GMT+04:00 2013   [info] ResourceManager : found parserGenTemplates/CSharp/Test.cs.template with loader org.apache.velocity.runtime.resource.loader.JarResourceLoader
Wed Apr 10 02:02:10 GMT+04:00 2013   [info] ResourceManager : found parserGenTemplates/CSharp/Grammar.ErrorMessages.cs.template with loader org.apache.velocity.runtime.resource.loader.JarResourceLoader
Wed Apr 10 02:02:10 GMT+04:00 2013   [info] ResourceManager : found parserGenTemplates/CSharp/Navigator.cs.template with loader org.apache.velocity.runtime.resource.loader.JarResourceLoader
Wed Apr 10 02:02:10 GMT+04:00 2013   [info] ResourceManager : found parserGenTemplates/CSharp/AdvancedGetter.CheckedStepUp.cs.template with loader org.apache.velocity.runtime.resource.loader.JarResourceLoader
Wed Apr 10 02:02:10 GMT+04:00 2013   [info] ResourceManager : found parserGenTemplates/CSharp/GetterBody.cs.template with loader org.apache.velocity.runtime.resource.loader.JarResourceLoader
Wed Apr 10 02:02:10 GMT+04:00 2013   [info] ResourceManager : found parserGenTemplates/CSharp/NavigationMethod.cs.template with loader org.apache.velocity.runtime.resource.loader.JarResourceLoader
